<?xml version="1.0" encoding="UTF-8"?>
<!-- Generated by org.testng.reporters.JUnitReportReporter -->
<testsuite skipped="0" hostname="BDC6-DX-J0G79F2" name="testmeapp.tests.OnlineShoppingTest" tests="4" failures="0" timestamp="23 Apr 2019 09:07:40 GMT" time="13.110" errors="0">
  <testcase name="TestRegistration" time="8.016" classname="testmeapp.tests.OnlineShoppingTest"/>
  <testcase name="TestLogin" time="0.500" classname="testmeapp.tests.OnlineShoppingTest"/>
  <testcase name="TestCart" time="0.943" classname="testmeapp.tests.OnlineShoppingTest"/>
  <testcase name="TestPayment" time="3.651" classname="testmeapp.tests.OnlineShoppingTest"/>
</testsuite> <!-- testmeapp.tests.OnlineShoppingTest -->
