<?xml version="1.0" encoding="UTF-8"?>
<!-- Generated by org.testng.reporters.JUnitReportReporter -->
<testsuite skipped="0" hostname="BDC6-DX-J0G79F2" name="com.tests.TestAddress1" tests="1" failures="0" timestamp="19 Apr 2019 11:09:35 GMT" time="24.566" errors="0">
  <testcase name="TestAdd" time="24.566" classname="com.tests.TestAddress1"/>
</testsuite> <!-- com.tests.TestAddress1 -->
