<?xml version="1.0" encoding="UTF-8"?>
<!-- Generated by org.testng.reporters.JUnitReportReporter -->
<testsuite skipped="0" hostname="BDC6-DX-J0G79F2" name="com.tests.ReadDataExcel" tests="1" failures="0" timestamp="22 Apr 2019 06:32:47 GMT" time="0.843" errors="0">
  <testcase name="testReadExcel" time="0.843" classname="com.tests.ReadDataExcel"/>
</testsuite> <!-- com.tests.ReadDataExcel -->
