<?xml version="1.0" encoding="UTF-8"?>
<!-- Generated by org.testng.reporters.JUnitReportReporter -->
<testsuite skipped="0" hostname="BDC6-DX-J0G79F2" name="com.tests.GoogleHomePage" tests="1" failures="0" timestamp="17 Apr 2019 05:50:28 GMT" time="10.265" errors="0">
  <testcase name="testGoogleHomePage" time="10.265" classname="com.tests.GoogleHomePage"/>
</testsuite> <!-- com.tests.GoogleHomePage -->
