<?xml version="1.0" encoding="UTF-8"?>
<!-- Generated by org.testng.reporters.JUnitReportReporter -->
<testsuite skipped="0" hostname="BDC6-DX-J0G79F2" name="com.tests.TestAddress" tests="1" failures="0" timestamp="19 Apr 2019 09:32:04 GMT" time="14.262" errors="0">
  <testcase name="TestAdd" time="14.262" classname="com.tests.TestAddress"/>
</testsuite> <!-- com.tests.TestAddress -->
