<?xml version="1.0" encoding="UTF-8"?>
<!-- Generated by org.testng.reporters.JUnitReportReporter -->
<testsuite skipped="0" hostname="BDC6-DX-J0G79F2" name="com.tests.TestDreadAndDrop" tests="1" failures="0" timestamp="19 Apr 2019 06:58:02 GMT" time="13.869" errors="0">
  <testcase name="testDragAndDrop" time="13.869" classname="com.tests.TestDreadAndDrop"/>
</testsuite> <!-- com.tests.TestDreadAndDrop -->
