<?xml version="1.0" encoding="UTF-8"?>
<!-- Generated by org.testng.reporters.JUnitReportReporter -->
<testsuite skipped="0" hostname="BDC6-DX-J0G79F2" name="com.tests.TestDragandDrop" tests="1" failures="0" timestamp="19 Apr 2019 08:09:01 GMT" time="15.569" errors="0">
  <testcase name="testDragAndDrop" time="15.569" classname="com.tests.TestDragandDrop"/>
</testsuite> <!-- com.tests.TestDragandDrop -->
