<?xml version="1.0" encoding="UTF-8"?>
<!-- Generated by org.testng.reporters.JUnitReportReporter -->
<testsuite skipped="0" hostname="BDC6-DX-J0G79F2" name="com.tests.LoginExample" tests="2" failures="0" timestamp="22 Apr 2019 08:32:59 GMT" time="22.855" errors="0">
  <testcase name="testLogin" time="14.172" classname="com.tests.LoginExample"/>
  <testcase name="testLogin" time="8.683" classname="com.tests.LoginExample"/>
</testsuite> <!-- com.tests.LoginExample -->
