<?xml version="1.0" encoding="UTF-8"?>
<!-- Generated by org.testng.reporters.JUnitReportReporter -->
<testsuite skipped="0" hostname="BDC6-DX-J0G79F2" name="com.tests.InternetExploreHomePage" tests="1" failures="0" timestamp="17 Apr 2019 05:50:28 GMT" time="4.159" errors="0">
  <testcase name="testGoogleHomePage" time="4.159" classname="com.tests.InternetExploreHomePage"/>
</testsuite> <!-- com.tests.InternetExploreHomePage -->
